
Showing logs for build [32mcb-kubecd-environment-pr-96-58-5gvks-1[0m stage [32mfrom-build-pack[0m and container [32mstep-credential-initializer-4jc4z[0m
{"level":"warn","ts":1575455384.562936,"logger":"fallback-logger","caller":"logging/config.go:69","msg":"Fetch GitHub commit ID from kodata failed: \"ref: refs/heads/master\" is not a valid GitHub commit ID"}
{"level":"info","ts":1575455384.5632308,"logger":"fallback-logger","caller":"creds-init/main.go:40","msg":"Credentials initialized."}

Showing logs for build [32mcb-kubecd-environment-pr-96-58-5gvks-1[0m stage [32mfrom-build-pack[0m and container [32mstep-working-dir-initializer-jmnrt[0m
{"level":"warn","ts":1575455385.5991673,"logger":"fallback-logger","caller":"logging/config.go:69","msg":"Fetch GitHub commit ID from kodata failed: open /var/run/ko/HEAD: no such file or directory"}
{"level":"info","ts":1575455385.600738,"logger":"fallback-logger","caller":"bash/main.go:65","msg":"Successfully executed command \"mkdir -p /workspace/source\""}

Showing logs for build [32mcb-kubecd-environment-pr-96-58-5gvks-1[0m stage [32mfrom-build-pack[0m and container [32mstep-place-tools[0m

Showing logs for build [32mcb-kubecd-environment-pr-96-58-5gvks-1[0m stage [32mfrom-build-pack[0m and container [32mstep-git-source-cb-kubecd-environment-pr-96-58-2phlc[0m
{"level":"warn","ts":1575455391.7266726,"logger":"fallback-logger","caller":"logging/config.go:69","msg":"Fetch GitHub commit ID from kodata failed: \"ref: refs/heads/master\" is not a valid GitHub commit ID"}
{"level":"info","ts":1575455392.055757,"logger":"fallback-logger","caller":"git/git.go:102","msg":"Successfully cloned https://github.com/cb-kubecd/environment-pr-96-58-boot-eks-production.git @ master in path /workspace/source"}

Showing logs for build [32mcb-kubecd-environment-pr-96-58-5gvks-1[0m stage [32mfrom-build-pack[0m and container [32mstep-git-merge[0m
Using SHAs from PULL_REFS=master:13311079dfcb986779526b0e881b707802b37d95,1:42b898e109da50e154a7c38e1344ebb1e3bf3376
DEBUG: ran git fetch --unshallow origin 42b898e109da50e154a7c38e1344ebb1e3bf3376: 13311079dfcb986779526b0e881b707802b37d95: in 
DEBUG: ran git checkout master in 
DEBUG: ran git reset --hard 13311079dfcb986779526b0e881b707802b37d95 in 
DEBUG: ran clean --force -d . in 
DEBUG: ran git merge 42b898e109da50e154a7c38e1344ebb1e3bf3376 in 
Merged SHA 42b898e109da50e154a7c38e1344ebb1e3bf3376 with commit message 'chore: Promote bdd-spring-1575454888 to version 0.0.1' into base branch master

Showing logs for build [32mcb-kubecd-environment-pr-96-58-5gvks-1[0m stage [32mfrom-build-pack[0m and container [32mstep-build-helm-build[0m
WARNING: No $CHART_REPOSITORY defined so using the default value of: http://jenkins-x-chartmuseum:8080
Adding missing Helm repo: storage.googleapis.com https://storage.googleapis.com/chartmuseum.jenkins-x.io
Read credentials for https://storage.googleapis.com/chartmuseum.jenkins-x.io from vault helm/repos
Successfully added Helm repository storage.googleapis.com.
Adding missing Helm repo: jenkins-x-chartmuseum http://jenkins-x-chartmuseum:8080
Read credentials for http://jenkins-x-chartmuseum:8080 from vault helm/repos
Successfully added Helm repository jenkins-x-chartmuseum.
WARNING: No $CHART_REPOSITORY defined so using the default value of: http://jenkins-x-chartmuseum:8080
Adding missing Helm repo: chartmuseum.jenkins-x.io http://chartmuseum.jenkins-x.io
Read credentials for http://chartmuseum.jenkins-x.io from vault helm/repos
Successfully added Helm repository chartmuseum.jenkins-x.io.
